<?xml version="1.0" encoding="UTF-8"?>
<testsuites>
  <testsuite name="fastlane.lanes">
    
    
    
      
      <testcase classname="fastlane.lanes" name="0: default_platform" time="0.000211">
        
      </testcase>
    
      
      <testcase classname="fastlane.lanes" name="1: test" time="66.393136">
        
          <failure message="/opt/homebrew/Cellar/fastlane/2.206.2/libexec/gems/fastlane-2.211.0/fastlane/lib/fastlane/actions/actions_helper.rb:67:in `execute_action&apos;&#10;/opt/homebrew/Cellar/fastlane/2.206.2/libexec/gems/fastlane-2.211.0/fastlane/lib/fastlane/runner.rb:255:in `block in execute_action&apos;&#10;/opt/homebrew/Cellar/fastlane/2.206.2/libexec/gems/fastlane-2.211.0/fastlane/lib/fastlane/runner.rb:229:in `chdir&apos;&#10;/opt/homebrew/Cellar/fastlane/2.206.2/libexec/gems/fastlane-2.211.0/fastlane/lib/fastlane/runner.rb:229:in `execute_action&apos;&#10;/opt/homebrew/Cellar/fastlane/2.206.2/libexec/gems/fastlane-2.211.0/fastlane/lib/fastlane/runner.rb:157:in `trigger_action_by_name&apos;&#10;/opt/homebrew/Cellar/fastlane/2.206.2/libexec/gems/fastlane-2.211.0/fastlane/lib/fastlane/fast_file.rb:159:in `method_missing&apos;&#10;Fastfile:21:in `block (2 levels) in parsing_binding&apos;&#10;/opt/homebrew/Cellar/fastlane/2.206.2/libexec/gems/fastlane-2.211.0/fastlane/lib/fastlane/lane.rb:33:in `call&apos;&#10;/opt/homebrew/Cellar/fastlane/2.206.2/libexec/gems/fastlane-2.211.0/fastlane/lib/fastlane/runner.rb:49:in `block in execute&apos;&#10;/opt/homebrew/Cellar/fastlane/2.206.2/libexec/gems/fastlane-2.211.0/fastlane/lib/fastlane/runner.rb:45:in `chdir&apos;&#10;/opt/homebrew/Cellar/fastlane/2.206.2/libexec/gems/fastlane-2.211.0/fastlane/lib/fastlane/runner.rb:45:in `execute&apos;&#10;/opt/homebrew/Cellar/fastlane/2.206.2/libexec/gems/fastlane-2.211.0/fastlane/lib/fastlane/lane_manager.rb:47:in `cruise_lane&apos;&#10;/opt/homebrew/Cellar/fastlane/2.206.2/libexec/gems/fastlane-2.211.0/fastlane/lib/fastlane/command_line_handler.rb:36:in `handle&apos;&#10;/opt/homebrew/Cellar/fastlane/2.206.2/libexec/gems/fastlane-2.211.0/fastlane/lib/fastlane/commands_generator.rb:110:in `block (2 levels) in run&apos;&#10;/opt/homebrew/Cellar/fastlane/2.206.2/libexec/gems/commander-4.6.0/lib/commander/command.rb:187:in `call&apos;&#10;/opt/homebrew/Cellar/fastlane/2.206.2/libexec/gems/commander-4.6.0/lib/commander/command.rb:157:in `run&apos;&#10;/opt/homebrew/Cellar/fastlane/2.206.2/libexec/gems/commander-4.6.0/lib/commander/runner.rb:444:in `run_active_command&apos;&#10;/opt/homebrew/Cellar/fastlane/2.206.2/libexec/gems/fastlane-2.211.0/fastlane_core/lib/fastlane_core/ui/fastlane_runner.rb:124:in `run!&apos;&#10;/opt/homebrew/Cellar/fastlane/2.206.2/libexec/gems/commander-4.6.0/lib/commander/delegates.rb:18:in `run!&apos;&#10;/opt/homebrew/Cellar/fastlane/2.206.2/libexec/gems/fastlane-2.211.0/fastlane/lib/fastlane/commands_generator.rb:354:in `run&apos;&#10;/opt/homebrew/Cellar/fastlane/2.206.2/libexec/gems/fastlane-2.211.0/fastlane/lib/fastlane/commands_generator.rb:43:in `start&apos;&#10;/opt/homebrew/Cellar/fastlane/2.206.2/libexec/gems/fastlane-2.211.0/fastlane/lib/fastlane/cli_tools_distributor.rb:123:in `take_off&apos;&#10;/opt/homebrew/Cellar/fastlane/2.206.2/libexec/gems/fastlane-2.211.0/bin/fastlane:23:in `&lt;top (required)&gt;&apos;&#10;/opt/homebrew/Cellar/fastlane/2.206.2/libexec/bin/fastlane:25:in `load&apos;&#10;/opt/homebrew/Cellar/fastlane/2.206.2/libexec/bin/fastlane:25:in `&lt;main&gt;&apos;&#10;&#10;Exit status of command &apos;/Users/harun/AndroidStudioProjects/droidconKE2023Android/gradlew test -p .&apos; was 1 instead of 0.&#10;&#10;Welcome to Gradle 8.0-rc-2!&#10;&#10;For more details see https://docs.gradle.org/8.0-rc-2/release-notes.html&#10;&#10;Configuration &apos;kspDebugKotlinProcessorClasspath&apos; was resolved during configuration time.&#10;This is a build performance and scalability issue.&#10;See https://github.com/gradle/gradle/issues/2298&#10;Run with --info for a stacktrace.&#10;Configuration &apos;kspReleaseKotlinProcessorClasspath&apos; was resolved during configuration time.&#10;This is a build performance and scalability issue.&#10;See https://github.com/gradle/gradle/issues/2298&#10;Run with --info for a stacktrace.&#10;Configuration &apos;kspDebugUnitTestKotlinProcessorClasspath&apos; was resolved during configuration time.&#10;This is a build performance and scalability issue.&#10;See https://github.com/gradle/gradle/issues/2298&#10;Run with --info for a stacktrace.&#10;Configuration &apos;kspReleaseUnitTestKotlinProcessorClasspath&apos; was resolved during configuration time.&#10;This is a build performance and scalability issue.&#10;See https://github.com/gradle/gradle/issues/2298&#10;Run with --info for a stacktrace.&#10;&gt; Task :domain:compileKotlin UP-TO-DATE&#10;&gt; Task :domain:compileJava NO-SOURCE&#10;&gt; Task :domain:processResources NO-SOURCE&#10;&gt; Task :domain:classes UP-TO-DATE&#10;&gt; Task :domain:jar UP-TO-DATE&#10;&gt; Task :domain:inspectClassesForKotlinIC UP-TO-DATE&#10;&gt; Task :app:preBuild UP-TO-DATE&#10;&gt; Task :app:preDebugBuild UP-TO-DATE&#10;&gt; Task :chai:preBuild UP-TO-DATE&#10;&gt; Task :chai:preDebugBuild UP-TO-DATE&#10;&gt; Task :chai:compileDebugAidl NO-SOURCE&#10;&gt; Task :data:preBuild UP-TO-DATE&#10;&gt; Task :data:preDebugBuild UP-TO-DATE&#10;&gt; Task :data:compileDebugAidl NO-SOURCE&#10;&gt; Task :presentation:preBuild UP-TO-DATE&#10;&gt; Task :presentation:preDebugBuild UP-TO-DATE&#10;&gt; Task :presentation:compileDebugAidl NO-SOURCE&#10;&gt; Task :app:compileDebugAidl NO-SOURCE&#10;&gt; Task :chai:packageDebugRenderscript NO-SOURCE&#10;&gt; Task :data:packageDebugRenderscript NO-SOURCE&#10;&gt; Task :presentation:packageDebugRenderscript NO-SOURCE&#10;&gt; Task :app:compileDebugRenderscript NO-SOURCE&#10;&gt; Task :app:generateDebugBuildConfig UP-TO-DATE&#10;&gt; Task :chai:writeDebugAarMetadata UP-TO-DATE&#10;&gt; Task :data:writeDebugAarMetadata UP-TO-DATE&#10;&gt; Task :presentation:writeDebugAarMetadata UP-TO-DATE&#10;&gt; Task :app:checkDebugAarMetadata UP-TO-DATE&#10;&gt; Task :app:generateDebugResValues UP-TO-DATE&#10;&gt; Task :app:injectCrashlyticsMappingFileIdDebug UP-TO-DATE&#10;&gt; Task :app:processDebugGoogleServices UP-TO-DATE&#10;&gt; Task :chai:compileDebugRenderscript NO-SOURCE&#10;&gt; Task :chai:generateDebugResValues UP-TO-DATE&#10;&gt; Task :chai:generateDebugResources UP-TO-DATE&#10;&gt; Task :chai:packageDebugResources UP-TO-DATE&#10;&gt; Task :data:compileDebugRenderscript NO-SOURCE&#10;&gt; Task :data:generateDebugResValues UP-TO-DATE&#10;&gt; Task :data:generateDebugResources UP-TO-DATE&#10;&gt; Task :data:packageDebugResources UP-TO-DATE&#10;&gt; Task :presentation:compileDebugRenderscript NO-SOURCE&#10;&gt; Task :presentation:generateDebugResValues UP-TO-DATE&#10;&gt; Task :presentation:generateDebugResources UP-TO-DATE&#10;&gt; Task :presentation:packageDebugResources UP-TO-DATE&#10;&gt; Task :app:mapDebugSourceSetPaths UP-TO-DATE&#10;&gt; Task :app:generateDebugResources UP-TO-DATE&#10;&gt; Task :app:mergeDebugResources UP-TO-DATE&#10;&gt; Task :app:packageDebugResources UP-TO-DATE&#10;&gt; Task :app:parseDebugLocalResources UP-TO-DATE&#10;&gt; Task :app:createDebugCompatibleScreenManifests UP-TO-DATE&#10;&gt; Task :app:extractDeepLinksDebug UP-TO-DATE&#10;&gt; Task :chai:extractDeepLinksDebug UP-TO-DATE&#10;&gt; Task :chai:processDebugManifest UP-TO-DATE&#10;&gt; Task :data:extractDeepLinksDebug UP-TO-DATE&#10;&gt; Task :data:processDebugManifest UP-TO-DATE&#10;&gt; Task :presentation:extractDeepLinksDebug UP-TO-DATE&#10;&gt; Task :presentation:processDebugManifest UP-TO-DATE&#10;&gt; Task :app:processDebugMainManifest&#10;&gt; Task :app:processDebugManifest&#10;&gt; Task :chai:compileDebugLibraryResources UP-TO-DATE&#10;&gt; Task :chai:parseDebugLocalResources UP-TO-DATE&#10;&gt; Task :chai:generateDebugRFile UP-TO-DATE&#10;&gt; Task :data:compileDebugLibraryResources UP-TO-DATE&#10;&gt; Task :data:parseDebugLocalResources UP-TO-DATE&#10;&gt; Task :data:generateDebugRFile UP-TO-DATE&#10;&gt; Task :presentation:compileDebugLibraryResources UP-TO-DATE&#10;&gt; Task :presentation:parseDebugLocalResources UP-TO-DATE&#10;&gt; Task :presentation:generateDebugRFile UP-TO-DATE&#10;&gt; Task :chai:generateDebugBuildConfig UP-TO-DATE&#10;&gt; Task :chai:compileDebugKotlin UP-TO-DATE&#10;&gt; Task :chai:javaPreCompileDebug UP-TO-DATE&#10;&gt; Task :chai:compileDebugJavaWithJavac UP-TO-DATE&#10;&gt; Task :chai:bundleLibCompileToJarDebug UP-TO-DATE&#10;&gt; Task :data:generateDebugBuildConfig UP-TO-DATE&#10;&gt; Task :data:kspDebugKotlin UP-TO-DATE&#10;&gt; Task :data:kaptGenerateStubsDebugKotlin UP-TO-DATE&#10;&gt; Task :data:kaptDebugKotlin UP-TO-DATE&#10;&gt; Task :data:compileDebugKotlin UP-TO-DATE&#10;&gt; Task :data:javaPreCompileDebug UP-TO-DATE&#10;&gt; Task :data:compileDebugJavaWithJavac UP-TO-DATE&#10;&gt; Task :data:bundleLibCompileToJarDebug UP-TO-DATE&#10;&gt; Task :presentation:generateDebugBuildConfig UP-TO-DATE&#10;&gt; Task :presentation:kaptGenerateStubsDebugKotlin UP-TO-DATE&#10;&gt; Task :presentation:kaptDebugKotlin UP-TO-DATE&#10;&gt; Task :presentation:compileDebugKotlin UP-TO-DATE&#10;&gt; Task :presentation:javaPreCompileDebug UP-TO-DATE&#10;&gt; Task :presentation:compileDebugJavaWithJavac UP-TO-DATE&#10;&gt; Task :presentation:bundleLibCompileToJarDebug UP-TO-DATE&#10;&gt; Task :app:javaPreCompileDebug UP-TO-DATE&#10;&gt; Task :chai:bundleLibRuntimeToJarDebug UP-TO-DATE&#10;&gt; Task :presentation:transformDebugClassesWithAsm UP-TO-DATE&#10;&gt; Task :presentation:bundleLibRuntimeToJarDebug UP-TO-DATE&#10;&gt; Task :data:transformDebugClassesWithAsm UP-TO-DATE&#10;&gt; Task :data:bundleLibRuntimeToJarDebug UP-TO-DATE&#10;&gt; Task :app:preDebugUnitTestBuild UP-TO-DATE&#10;&gt; Task :app:processDebugJavaRes NO-SOURCE&#10;&gt; Task :app:processDebugUnitTestJavaRes NO-SOURCE&#10;&gt; Task :chai:processDebugJavaRes NO-SOURCE&#10;&gt; Task :chai:bundleLibResDebug UP-TO-DATE&#10;&gt; Task :data:processDebugJavaRes NO-SOURCE&#10;&gt; Task :data:bundleLibResDebug UP-TO-DATE&#10;&gt; Task :presentation:processDebugJavaRes NO-SOURCE&#10;&gt; Task :presentation:bundleLibResDebug UP-TO-DATE&#10;&gt; Task :app:preReleaseBuild UP-TO-DATE&#10;&gt; Task :app:writeReleaseApplicationId&#10;&gt; Task :app:analyticsRecordingRelease&#10;&gt; Task :app:javaPreCompileDebugUnitTest&#10;&gt; Task :app:buildKotlinToolingMetadata&#10;&gt; Task :chai:preReleaseBuild UP-TO-DATE&#10;&gt; Task :chai:compileReleaseAidl NO-SOURCE&#10;&gt; Task :data:preReleaseBuild UP-TO-DATE&#10;&gt; Task :data:compileReleaseAidl NO-SOURCE&#10;&gt; Task :presentation:preReleaseBuild UP-TO-DATE&#10;&gt; Task :presentation:compileReleaseAidl NO-SOURCE&#10;&gt; Task :app:compileReleaseAidl NO-SOURCE&#10;&gt; Task :chai:packageReleaseRenderscript NO-SOURCE&#10;&gt; Task :data:packageReleaseRenderscript NO-SOURCE&#10;&gt; Task :presentation:packageReleaseRenderscript NO-SOURCE&#10;&gt; Task :app:compileReleaseRenderscript NO-SOURCE&#10;&gt; Task :app:generateReleaseBuildConfig&#10;&gt; Task :chai:writeReleaseAarMetadata&#10;&gt; Task :data:writeReleaseAarMetadata&#10;&gt; Task :presentation:writeReleaseAarMetadata&#10;&gt; Task :app:generateReleaseResValues&#10;&gt; Task :app:injectCrashlyticsMappingFileIdRelease&#10;&gt; Task :app:processReleaseGoogleServices&#10;&gt; Task :chai:compileReleaseRenderscript NO-SOURCE&#10;&gt; Task :chai:generateReleaseResValues&#10;&gt; Task :chai:generateReleaseResources&#10;&gt; Task :app:checkReleaseAarMetadata&#10;&gt; Task :chai:packageReleaseResources&#10;&gt; Task :data:compileReleaseRenderscript NO-SOURCE&#10;&gt; Task :data:generateReleaseResValues&#10;&gt; Task :data:generateReleaseResources&#10;&gt; Task :data:packageReleaseResources&#10;&gt; Task :presentation:compileReleaseRenderscript NO-SOURCE&#10;&gt; Task :presentation:generateReleaseResValues&#10;&gt; Task :presentation:generateReleaseResources&#10;&gt; Task :presentation:packageReleaseResources&#10;&gt; Task :app:mapReleaseSourceSetPaths&#10;&gt; Task :app:generateReleaseResources&#10;&gt; Task :app:packageReleaseResources&#10;&gt; Task :app:createReleaseCompatibleScreenManifests&#10;&gt; Task :app:extractDeepLinksRelease&#10;&gt; Task :app:parseReleaseLocalResources&#10;&gt; Task :chai:extractDeepLinksRelease&#10;&gt; Task :data:extractDeepLinksRelease&#10;&gt; Task :chai:processReleaseManifest&#10;&gt; Task :presentation:extractDeepLinksRelease&#10;&gt; Task :data:processReleaseManifest&#10;&gt; Task :presentation:processReleaseManifest&#10;&gt; Task :app:processReleaseMainManifest&#10;&gt; Task :app:processReleaseManifest&#10;&gt; Task :data:compileReleaseLibraryResources&#10;&gt; Task :app:processReleaseManifestForPackage&#10;&gt; Task :app:processDebugManifestForPackage&#10;&gt; Task :chai:parseReleaseLocalResources&#10;&gt; Task :data:parseReleaseLocalResources&#10;&gt; Task :chai:compileReleaseLibraryResources&#10;&gt; Task :app:mergeReleaseResources&#10;&gt; Task :chai:generateReleaseRFile&#10;&gt; Task :data:generateReleaseRFile&#10;&gt; Task :chai:generateReleaseBuildConfig&#10;&gt; Task :presentation:parseReleaseLocalResources&#10;&gt; Task :chai:javaPreCompileRelease&#10;&gt; Task :data:generateReleaseBuildConfig&#10;&gt; Task :presentation:generateReleaseRFile&#10;&gt; Task :presentation:generateReleaseBuildConfig&#10;&gt; Task :app:preReleaseUnitTestBuild UP-TO-DATE&#10;&gt; Task :presentation:javaPreCompileRelease&#10;&gt; Task :app:javaPreCompileRelease&#10;&gt; Task :app:processReleaseJavaRes NO-SOURCE&#10;&gt; Task :data:javaPreCompileRelease&#10;&gt; Task :app:processReleaseUnitTestJavaRes NO-SOURCE&#10;&gt; Task :chai:processReleaseJavaRes NO-SOURCE&#10;&gt; Task :data:processReleaseJavaRes NO-SOURCE&#10;&gt; Task :presentation:processReleaseJavaRes NO-SOURCE&#10;&gt; Task :chai:preDebugUnitTestBuild UP-TO-DATE&#10;&gt; Task :app:javaPreCompileReleaseUnitTest&#10;&gt; Task :chai:generateDebugUnitTestResValues&#10;&gt; Task :chai:checkDebugUnitTestAarMetadata&#10;&gt; Task :chai:mapDebugUnitTestSourceSetPaths&#10;&gt; Task :chai:generateDebugUnitTestResources&#10;&gt; Task :presentation:compileReleaseLibraryResources&#10;&gt; Task :app:processDebugResources&#10;&gt; Task :chai:processDebugUnitTestManifest&#10;&gt; Task :app:kaptGenerateStubsDebugKotlin UP-TO-DATE&#10;&gt; Task :app:kaptDebugKotlin UP-TO-DATE&#10;&gt; Task :app:compileDebugKotlin UP-TO-DATE&#10;&gt; Task :chai:mergeDebugUnitTestResources&#10;&gt; Task :app:compileDebugJavaWithJavac UP-TO-DATE&#10;&gt; Task :app:hiltAggregateDepsDebug UP-TO-DATE&#10;&gt; Task :app:hiltJavaCompileDebug UP-TO-DATE&#10;&gt; Task :app:transformDebugClassesWithAsm UP-TO-DATE&#10;&gt; Task :app:bundleDebugClassesToRuntimeJar&#10;&gt; Task :app:bundleDebugClassesToCompileJar&#10;&gt; Task :chai:compileReleaseKotlin&#10;&gt; Task :data:kspReleaseKotlin&#10;&gt; Task :app:kaptGenerateStubsDebugUnitTestKotlin&#10;&gt; Task :chai:processDebugUnitTestResources&#10;&gt; Task :app:processReleaseResources&#10;&gt; Task :chai:compileReleaseJavaWithJavac&#10;&gt; Task :chai:bundleLibCompileToJarRelease&#10;&gt; Task :chai:bundleLibRuntimeToJarRelease&#10;&gt; Task :chai:bundleLibResRelease&#10;&gt; Task :chai:compileDebugUnitTestKotlin NO-SOURCE&#10;&gt; Task :chai:mergeDebugShaders UP-TO-DATE&#10;&gt; Task :chai:compileDebugShaders NO-SOURCE&#10;&gt; Task :chai:generateDebugAssets UP-TO-DATE&#10;&gt; Task :chai:javaPreCompileDebugUnitTest&#10;&gt; Task :chai:mergeDebugAssets&#10;&gt; Task :chai:compileDebugUnitTestJavaWithJavac NO-SOURCE&#10;&gt; Task :chai:generateDebugUnitTestAssets UP-TO-DATE&#10;&gt; Task :chai:packageDebugAssets UP-TO-DATE&#10;&gt; Task :chai:mergeDebugUnitTestAssets&#10;&gt; Task :chai:packageDebugUnitTestForUnitTest&#10;&gt; Task :chai:processDebugUnitTestJavaRes NO-SOURCE&#10;&gt; Task :chai:preReleaseUnitTestBuild UP-TO-DATE&#10;&gt; Task :chai:generateDebugUnitTestConfig&#10;&gt; Task :chai:checkReleaseUnitTestAarMetadata&#10;&#10;&gt; Task :app:kaptDebugUnitTestKotlin&#10;Values of variant API AnnotationProcessorOptions.arguments are queried and may return non final values, this is unsupported&#10;warning: The following options were not recognized by any processor: &apos;[dagger.fastInit, dagger.hilt.android.internal.disableAndroidSuperclassValidation, dagger.hilt.android.internal.projectType, dagger.hilt.internal.useAggregatingRootProcessor, kapt.kotlin.generated]&apos;&#10;&#10;&gt; Task :data:kaptGenerateStubsReleaseKotlin&#10;&gt; Task :presentation:kaptGenerateStubsReleaseKotlin&#10;&gt; Task :chai:testDebugUnitTest&#10;&gt; Task :chai:generateReleaseUnitTestResValues&#10;&gt; Task :chai:mapReleaseUnitTestSourceSetPaths&#10;&gt; Task :chai:generateReleaseUnitTestResources&#10;&gt; Task :app:compileDebugUnitTestKotlin&#10;&#10;&gt; Task :data:kaptReleaseKotlin&#10;Values of variant API AnnotationProcessorOptions.arguments are queried and may return non final values, this is unsupported&#10;&#10;&gt; Task :app:compileDebugUnitTestJavaWithJavac NO-SOURCE&#10;&#10;&gt; Task :presentation:kaptReleaseKotlin&#10;Values of variant API AnnotationProcessorOptions.arguments are queried and may return non final values, this is unsupported&#10;&#10;&gt; Task :app:hiltAggregateDepsDebugUnitTest&#10;&gt; Task :chai:mergeReleaseUnitTestResources&#10;&gt; Task :chai:processReleaseUnitTestManifest&#10;&gt; Task :app:hiltJavaCompileDebugUnitTest NO-SOURCE&#10;&gt; Task :app:transformDebugUnitTestClassesWithAsm&#10;&gt; Task :chai:javaPreCompileReleaseUnitTest&#10;&gt; Task :chai:processReleaseUnitTestResources&#10;&gt; Task :app:testDebugUnitTest&#10;&gt; Task :chai:compileReleaseUnitTestKotlin NO-SOURCE&#10;&gt; Task :chai:compileReleaseUnitTestJavaWithJavac NO-SOURCE&#10;&gt; Task :chai:mergeReleaseShaders&#10;&gt; Task :chai:compileReleaseShaders NO-SOURCE&#10;&gt; Task :chai:generateReleaseAssets UP-TO-DATE&#10;&gt; Task :chai:mergeReleaseAssets&#10;&gt; Task :chai:generateReleaseUnitTestAssets UP-TO-DATE&#10;&gt; Task :chai:packageReleaseAssets&#10;&gt; Task :chai:mergeReleaseUnitTestAssets&#10;&gt; Task :chai:packageReleaseUnitTestForUnitTest&#10;&gt; Task :chai:generateReleaseUnitTestConfig&#10;&gt; Task :chai:processReleaseUnitTestJavaRes NO-SOURCE&#10;&gt; Task :chai:testReleaseUnitTest&#10;&gt; Task :chai:test&#10;&gt; Task :data:preDebugUnitTestBuild UP-TO-DATE&#10;&gt; Task :data:generateDebugUnitTestResValues&#10;&gt; Task :data:checkDebugUnitTestAarMetadata&#10;&gt; Task :data:mapDebugUnitTestSourceSetPaths&#10;&gt; Task :data:generateDebugUnitTestResources&#10;&gt; Task :data:processDebugUnitTestManifest&#10;&gt; Task :data:mergeDebugShaders UP-TO-DATE&#10;&gt; Task :data:compileDebugShaders NO-SOURCE&#10;&gt; Task :data:generateDebugAssets UP-TO-DATE&#10;&gt; Task :data:javaPreCompileDebugUnitTest&#10;&gt; Task :data:mergeDebugAssets&#10;&gt; Task :data:generateDebugUnitTestAssets UP-TO-DATE&#10;&gt; Task :data:packageDebugAssets UP-TO-DATE&#10;&gt; Task :data:mergeDebugUnitTestAssets&#10;&gt; Task :data:processDebugUnitTestJavaRes NO-SOURCE&#10;&gt; Task :data:preReleaseUnitTestBuild UP-TO-DATE&#10;&gt; Task :data:checkReleaseUnitTestAarMetadata&#10;&gt; Task :data:generateReleaseUnitTestResValues&#10;&gt; Task :data:mapReleaseUnitTestSourceSetPaths&#10;&gt; Task :data:generateReleaseUnitTestResources&#10;&#10;&gt; Task :data:compileReleaseKotlin&#10;w: file:///Users/harun/AndroidStudioProjects/droidconKE2023Android/data/src/main/java/com/android254/data/network/apis/AuthApi.kt:31:67 &apos;safeApiCall(suspend () -&gt; T): T&apos; is deprecated. Use dataResultSafeApiCall&#10;w: file:///Users/harun/AndroidStudioProjects/droidconKE2023Android/data/src/main/java/com/android254/data/network/apis/AuthApi.kt:37:39 &apos;safeApiCall(suspend () -&gt; T): T&apos; is deprecated. Use dataResultSafeApiCall&#10;w: file:///Users/harun/AndroidStudioProjects/droidconKE2023Android/data/src/main/java/com/android254/data/network/apis/SessionsApi.kt:29:65 &apos;safeApiCall(suspend () -&gt; T): T&apos; is deprecated. Use dataResultSafeApiCall&#10;&#10;&gt; Task :data:mergeDebugUnitTestResources&#10;&gt; Task :data:mergeReleaseUnitTestResources&#10;&gt; Task :data:compileReleaseJavaWithJavac&#10;&gt; Task :data:bundleLibResRelease&#10;&gt; Task :data:bundleLibCompileToJarRelease&#10;&gt; Task :data:processReleaseUnitTestManifest&#10;&gt; Task :data:mergeReleaseShaders&#10;&gt; Task :data:javaPreCompileReleaseUnitTest&#10;&gt; Task :data:compileReleaseShaders NO-SOURCE&#10;&gt; Task :data:generateReleaseAssets UP-TO-DATE&#10;&gt; Task :data:mergeReleaseAssets&#10;&gt; Task :data:generateReleaseUnitTestAssets UP-TO-DATE&#10;&gt; Task :data:packageReleaseAssets&#10;&gt; Task :data:mergeReleaseUnitTestAssets&#10;&gt; Task :data:processReleaseUnitTestJavaRes NO-SOURCE&#10;&gt; Task :domain:compileTestKotlin NO-SOURCE&#10;&gt; Task :domain:compileTestJava NO-SOURCE&#10;&gt; Task :domain:processTestResources NO-SOURCE&#10;&gt; Task :domain:testClasses UP-TO-DATE&#10;&gt; Task :domain:test NO-SOURCE&#10;&gt; Task :presentation:preDebugUnitTestBuild UP-TO-DATE&#10;&gt; Task :presentation:generateDebugUnitTestResValues&#10;&gt; Task :presentation:checkDebugUnitTestAarMetadata&#10;&gt; Task :presentation:mapDebugUnitTestSourceSetPaths&#10;&gt; Task :presentation:generateDebugUnitTestResources&#10;&gt; Task :data:transformReleaseClassesWithAsm&#10;&gt; Task :data:processDebugUnitTestResources&#10;&gt; Task :data:processReleaseUnitTestResources&#10;&gt; Task :data:bundleLibRuntimeToJarRelease&#10;&gt; Task :presentation:mergeDebugUnitTestResources&#10;&gt; Task :data:packageDebugUnitTestForUnitTest&#10;&gt; Task :data:generateDebugUnitTestConfig&#10;&gt; Task :data:packageReleaseUnitTestForUnitTest&#10;&gt; Task :data:generateReleaseUnitTestConfig&#10;&gt; Task :presentation:processDebugUnitTestManifest&#10;&gt; Task :presentation:mergeDebugShaders UP-TO-DATE&#10;&gt; Task :presentation:compileDebugShaders NO-SOURCE&#10;&gt; Task :presentation:generateDebugAssets UP-TO-DATE&#10;&gt; Task :presentation:javaPreCompileDebugUnitTest&#10;&gt; Task :presentation:mergeDebugAssets&#10;&gt; Task :presentation:generateDebugUnitTestAssets UP-TO-DATE&#10;&gt; Task :data:kspReleaseUnitTestKotlin&#10;&gt; Task :data:kspDebugUnitTestKotlin&#10;&gt; Task :presentation:packageDebugAssets UP-TO-DATE&#10;&gt; Task :presentation:mergeDebugUnitTestAssets&#10;&gt; Task :presentation:processDebugUnitTestJavaRes NO-SOURCE&#10;&gt; Task :presentation:preReleaseUnitTestBuild UP-TO-DATE&#10;&gt; Task :presentation:generateReleaseUnitTestResValues&#10;&gt; Task :presentation:checkReleaseUnitTestAarMetadata&#10;&gt; Task :presentation:mapReleaseUnitTestSourceSetPaths&#10;&gt; Task :presentation:generateReleaseUnitTestResources&#10;&gt; Task :data:kaptGenerateStubsReleaseUnitTestKotlin&#10;&gt; Task :data:kaptGenerateStubsDebugUnitTestKotlin&#10;&gt; Task :presentation:processDebugUnitTestResources&#10;&#10;&gt; Task :data:kaptDebugUnitTestKotlin&#10;Values of variant API AnnotationProcessorOptions.arguments are queried and may return non final values, this is unsupported&#10;&#10;&gt; Task :presentation:mergeReleaseUnitTestResources&#10;&#10;&gt; Task :data:kaptReleaseUnitTestKotlin&#10;Values of variant API AnnotationProcessorOptions.arguments are queried and may return non final values, this is unsupported&#10;&#10;&gt; Task :presentation:packageDebugUnitTestForUnitTest&#10;&gt; Task :presentation:generateDebugUnitTestConfig&#10;&gt; Task :presentation:processReleaseUnitTestManifest&#10;&gt; Task :presentation:javaPreCompileReleaseUnitTest&#10;&gt; Task :presentation:mergeReleaseShaders&#10;&gt; Task :presentation:compileReleaseShaders NO-SOURCE&#10;&gt; Task :presentation:generateReleaseAssets UP-TO-DATE&#10;&gt; Task :presentation:mergeReleaseAssets&#10;&gt; Task :presentation:generateReleaseUnitTestAssets UP-TO-DATE&#10;&gt; Task :presentation:packageReleaseAssets&#10;&gt; Task :presentation:mergeReleaseUnitTestAssets&#10;&gt; Task :presentation:processReleaseUnitTestJavaRes NO-SOURCE&#10;&gt; Task :presentation:kaptGenerateStubsDebugUnitTestKotlin&#10;&#10;&gt; Task :presentation:kaptDebugUnitTestKotlin&#10;Values of variant API AnnotationProcessorOptions.arguments are queried and may return non final values, this is unsupported&#10;&#10;&gt; Task :data:compileReleaseUnitTestKotlin&#10;w: file:///Users/harun/AndroidStudioProjects/droidconKE2023Android/data/src/test/java/com/android254/data/repos/SessionsManagerTest.kt:66:17 Variable &apos;result&apos; is never used&#10;&#10;&gt; Task :data:compileReleaseUnitTestJavaWithJavac NO-SOURCE&#10;&#10;&gt; Task :data:compileDebugUnitTestKotlin&#10;w: file:///Users/harun/AndroidStudioProjects/droidconKE2023Android/data/src/test/java/com/android254/data/repos/SessionsManagerTest.kt:66:17 Variable &apos;result&apos; is never used&#10;&#10;&gt; Task :presentation:compileReleaseKotlin&#10;w: file:///Users/harun/AndroidStudioProjects/droidconKE2023Android/presentation/src/main/java/com/android254/presentation/about/view/AboutScreen.kt:121:5 Parameter &apos;droidconImage&apos; is never used&#10;w: file:///Users/harun/AndroidStudioProjects/droidconKE2023Android/presentation/src/main/java/com/android254/presentation/common/bottomsheet/BottomSheetScaffold.kt:263:5 Parameter &apos;sheetElevation&apos; is never used&#10;w: file:///Users/harun/AndroidStudioProjects/droidconKE2023Android/presentation/src/main/java/com/android254/presentation/common/bottomsheet/Drawer.kt:375:5 Parameter &apos;drawerElevation&apos; is never used&#10;w: file:///Users/harun/AndroidStudioProjects/droidconKE2023Android/presentation/src/main/java/com/android254/presentation/common/bottomsheet/Drawer.kt:499:5 Parameter &apos;drawerElevation&apos; is never used&#10;w: file:///Users/harun/AndroidStudioProjects/droidconKE2023Android/presentation/src/main/java/com/android254/presentation/common/components/DroidconAppBar.kt:38:5 Parameter &apos;onActionClicked&apos; is never used&#10;w: file:///Users/harun/AndroidStudioProjects/droidconKE2023Android/presentation/src/main/java/com/android254/presentation/common/components/SocialAuthButton.kt:46:5 Parameter &apos;contentPadding&apos; is never used&#10;w: file:///Users/harun/AndroidStudioProjects/droidconKE2023Android/presentation/src/main/java/com/android254/presentation/common/components/ToggleButtonGroup.kt:46:5 Parameter &apos;borderColor&apos; is never used&#10;w: file:///Users/harun/AndroidStudioProjects/droidconKE2023Android/presentation/src/main/java/com/android254/presentation/sessions/components/EventDaySelectorButton.kt:58:5 Parameter &apos;contentPadding&apos; is never used&#10;w: file:///Users/harun/AndroidStudioProjects/droidconKE2023Android/presentation/src/main/java/com/android254/presentation/sessions/components/EventDaySelectorButton.kt:64:5 Parameter &apos;content&apos; is never used&#10;w: file:///Users/harun/AndroidStudioProjects/droidconKE2023Android/presentation/src/main/java/com/android254/presentation/sessions/components/SessionList.kt:50:9 Variable &apos;empty&apos; is never used&#10;w: file:///Users/harun/AndroidStudioProjects/droidconKE2023Android/presentation/src/main/java/com/android254/presentation/sessions/components/SessionsFilterPanel.kt:111:5 Parameter &apos;onChange&apos; is never used&#10;w: file:///Users/harun/AndroidStudioProjects/droidconKE2023Android/presentation/src/main/java/com/android254/presentation/sessions/components/SessionsFilterPanel.kt:128:9 Variable &apos;scope&apos; is never used&#10;w: file:///Users/harun/AndroidStudioProjects/droidconKE2023Android/presentation/src/main/java/com/android254/presentation/sessions/components/SessionsFilterPanel.kt:130:9 Variable &apos;context&apos; is never used&#10;w: file:///Users/harun/AndroidStudioProjects/droidconKE2023Android/presentation/src/main/java/com/android254/presentation/sessions/view/SessionsScreen.kt:57:5 Parameter &apos;darkTheme&apos; is never used&#10;w: file:///Users/harun/AndroidStudioProjects/droidconKE2023Android/presentation/src/main/java/com/android254/presentation/speakers/view/SpeakerDetailsScreen.kt:68:5 Parameter &apos;darkTheme&apos; is never used&#10;&#10;&gt; Task :presentation:processReleaseUnitTestResources&#10;&gt; Task :data:hiltAggregateDepsReleaseUnitTest&#10;&gt; Task :presentation:compileDebugUnitTestKotlin&#10;&gt; Task :presentation:compileReleaseJavaWithJavac&#10;&gt; Task :data:compileDebugUnitTestJavaWithJavac NO-SOURCE&#10;&gt; Task :presentation:bundleLibResRelease&#10;&gt; Task :data:hiltJavaCompileReleaseUnitTest NO-SOURCE&#10;&gt; Task :data:hiltAggregateDepsDebugUnitTest&#10;&gt; Task :presentation:bundleLibCompileToJarRelease&#10;&gt; Task :presentation:transformReleaseClassesWithAsm&#10;&gt; Task :data:transformReleaseUnitTestClassesWithAsm&#10;&gt; Task :data:hiltJavaCompileDebugUnitTest NO-SOURCE&#10;&gt; Task :presentation:bundleLibRuntimeToJarRelease&#10;&gt; Task :data:transformDebugUnitTestClassesWithAsm&#10;&gt; Task :app:kaptGenerateStubsReleaseKotlin&#10;&gt; Task :data:testReleaseUnitTest&#10;&#10;&gt; Task :app:kaptReleaseKotlin&#10;Values of variant API AnnotationProcessorOptions.arguments are queried and may return non final values, this is unsupported&#10;warning: The following options were not recognized by any processor: &apos;[dagger.fastInit, kapt.kotlin.generated]&apos;&#10;&#10;&gt; Task :data:testDebugUnitTest&#10;&gt; Task :data:test&#10;&gt; Task :presentation:compileDebugUnitTestJavaWithJavac NO-SOURCE&#10;&gt; Task :presentation:hiltAggregateDepsDebugUnitTest&#10;&gt; Task :presentation:hiltJavaCompileDebugUnitTest NO-SOURCE&#10;&gt; Task :app:compileReleaseKotlin&#10;&gt; Task :presentation:kaptGenerateStubsReleaseUnitTestKotlin&#10;&gt; Task :presentation:transformDebugUnitTestClassesWithAsm&#10;&gt; Task :app:compileReleaseJavaWithJavac&#10;&gt; Task :app:hiltAggregateDepsRelease&#10;&gt; Task :presentation:testDebugUnitTest&#10;&gt; Task :app:hiltJavaCompileRelease&#10;&gt; Task :app:bundleReleaseClassesToCompileJar&#10;&gt; Task :app:transformReleaseClassesWithAsm&#10;&#10;&gt; Task :presentation:kaptReleaseUnitTestKotlin&#10;Values of variant API AnnotationProcessorOptions.arguments are queried and may return non final values, this is unsupported&#10;&#10;&gt; Task :app:bundleReleaseClassesToRuntimeJar&#10;&gt; Task :presentation:packageReleaseUnitTestForUnitTest&#10;&gt; Task :presentation:generateReleaseUnitTestConfig&#10;&gt; Task :app:kaptGenerateStubsReleaseUnitTestKotlin&#10;&#10;&gt; Task :app:kaptReleaseUnitTestKotlin&#10;Values of variant API AnnotationProcessorOptions.arguments are queried and may return non final values, this is unsupported&#10;warning: The following options were not recognized by any processor: &apos;[dagger.fastInit, dagger.hilt.android.internal.disableAndroidSuperclassValidation, dagger.hilt.android.internal.projectType, dagger.hilt.internal.useAggregatingRootProcessor, kapt.kotlin.generated]&apos;&#10;&#10;&gt; Task :presentation:compileReleaseUnitTestKotlin&#10;&gt; Task :app:compileReleaseUnitTestKotlin&#10;&gt; Task :presentation:compileReleaseUnitTestJavaWithJavac NO-SOURCE&#10;&gt; Task :app:compileReleaseUnitTestJavaWithJavac NO-SOURCE&#10;&gt; Task :app:hiltAggregateDepsReleaseUnitTest&#10;&gt; Task :app:hiltJavaCompileReleaseUnitTest NO-SOURCE&#10;&gt; Task :presentation:hiltAggregateDepsReleaseUnitTest&#10;&gt; Task :presentation:hiltJavaCompileReleaseUnitTest NO-SOURCE&#10;&gt; Task :app:transformReleaseUnitTestClassesWithAsm&#10;&gt; Task :presentation:transformReleaseUnitTestClassesWithAsm&#10;&gt; Task :app:testReleaseUnitTest&#10;&gt; Task :app:test&#10;&#10;&gt; Task :presentation:testReleaseUnitTest&#10;&#10;com.android254.presentation.auth.view.AuthDialogTest &gt; test all widgets should be visible FAILED&#10;    java.lang.RuntimeException at RoboMonitoringInstrumentation.java:93&#10;&#10;com.android254.presentation.feed.view.FeedScreenTest &gt; test share bottom sheet is shown FAILED&#10;    java.lang.RuntimeException at RoboMonitoringInstrumentation.java:93&#10;&#10;com.android254.presentation.feed.view.FeedScreenTest &gt; should display feed items FAILED&#10;    java.lang.RuntimeException at RoboMonitoringInstrumentation.java:93&#10;&#10;com.android254.presentation.feedback.view.FeedBackScreenTest &gt; should should show FeedBack Screen and show the heading FAILED&#10;    java.lang.RuntimeException at RoboMonitoringInstrumentation.java:93&#10;&#10;com.android254.presentation.feedback.view.FeedBackScreenTest &gt; should show submit Button FAILED&#10;    java.lang.RuntimeException at RoboMonitoringInstrumentation.java:93&#10;&#10;com.android254.presentation.home.components.HomeBannerSectionTest &gt; Test home poster is displayed FAILED&#10;    java.lang.RuntimeException at RoboMonitoringInstrumentation.java:93&#10;&#10;com.android254.presentation.home.components.HomeBannerSectionTest &gt; Test home call for speakers is hidden FAILED&#10;    java.lang.RuntimeException at RoboMonitoringInstrumentation.java:93&#10;&#10;com.android254.presentation.home.components.HomeBannerSectionTest &gt; Test home poster is hidden FAILED&#10;    java.lang.RuntimeException at RoboMonitoringInstrumentation.java:93&#10;&#10;com.android254.presentation.home.components.HomeBannerSectionTest &gt; Test home call for speakers is displayed FAILED&#10;    java.lang.RuntimeException at RoboMonitoringInstrumentation.java:93&#10;&#10;com.android254.presentation.home.screen.HomeScreenTest &gt; Test sessions is displayed FAILED&#10;    java.lang.RuntimeException at RoboMonitoringInstrumentation.java:93&#10;&#10;com.android254.presentation.home.screen.HomeScreenTest &gt; Test home title is displayed FAILED&#10;    java.lang.RuntimeException at RoboMonitoringInstrumentation.java:93&#10;&#10;com.android254.presentation.home.screen.HomeScreenTest &gt; Not signedIn droidcon topBar is displayed FAILED&#10;    java.lang.RuntimeException at RoboMonitoringInstrumentation.java:93&#10;&#10;com.android254.presentation.home.screen.HomeScreenTest &gt; Test speakers view is displayed FAILED&#10;    java.lang.RuntimeException at RoboMonitoringInstrumentation.java:93&#10;&#10;com.android254.presentation.home.screen.HomeScreenTest &gt; Test sponsors card is displayed FAILED&#10;    java.lang.RuntimeException at RoboMonitoringInstrumentation.java:93&#10;&#10;com.android254.presentation.home.screen.HomeScreenTest &gt; SignedIn droidcon topBar is displayed FAILED&#10;    java.lang.RuntimeException at RoboMonitoringInstrumentation.java:93&#10;&#10;com.android254.presentation.sessions.view.SessionScreenTest &gt; hasExpectedButtons FAILED&#10;    java.lang.RuntimeException at RoboMonitoringInstrumentation.java:93&#10;&#10;com.android254.presentation.sessions.view.SessionScreenTest &gt; should show topBar FAILED&#10;    java.lang.RuntimeException at RoboMonitoringInstrumentation.java:93&#10;&#10;com.android254.presentation.speakers.view.SpeakerDetailsScreenTest &gt; all components should be displayed properly FAILED&#10;    java.lang.RuntimeException at RoboMonitoringInstrumentation.java:93&#10;&#10;com.android254.presentation.speakers.view.SpeakersScreenTest &gt; should show heading and show speaker details card FAILED&#10;    java.lang.RuntimeException at RoboMonitoringInstrumentation.java:93&#10;&#10;22 tests completed, 19 failed, 3 skipped&#10;&#10;&gt; Task :presentation:testReleaseUnitTest FAILED&#10;&#10;FAILURE: Build failed with an exception.&#10;&#10;* What went wrong:&#10;Execution failed for task &apos;:presentation:testReleaseUnitTest&apos;.&#10;&gt; There were failing tests. See the report at: file:///Users/harun/AndroidStudioProjects/droidconKE2023Android/presentation/build/reports/tests/testReleaseUnitTest/index.html&#10;&#10;* Try:&#10;&gt; Run with --stacktrace option to get the stack trace.&#10;&gt; Run with --info or --debug option to get more log output.&#10;&gt; Run with --scan to get full insights.&#10;&#10;* Get more help at https://help.gradle.org&#10;&#10;BUILD FAILED in 1m 5s&#10;280 actionable tasks: 200 executed, 80 up-to-date&#10;" />
        
      </testcase>
    
  </testsuite>
</testsuites>
